<?xml version="1.0" encoding="UTF-8"?>
<testsuite name="com.samtools.FileSaveManagerTest" tests="5" skipped="0" failures="0" errors="0" timestamp="2026-09-10T18:05:37" hostname="MacBook-Pro-denys-2.local" time="0.012">
  <properties/>
  <testcase name="buildRelativePath_appendsSubfolder" classname="com.samtools.FileSaveManagerTest" time="0.011"/>
  <testcase name="sanitizeFileName_removesInvalidCharacters" classname="com.samtools.FileSaveManagerTest" time="0.0"/>
  <testcase name="buildRelativePath_handlesEmptySubfolder" classname="com.samtools.FileSaveManagerTest" time="0.0"/>
  <testcase name="sanitizeFileName_handlesEmptyOrWhitespace" classname="com.samtools.FileSaveManagerTest" time="0.0"/>
  <testcase name="sanitizeSubfolder_removesLeadingTrailingSlashes" classname="com.samtools.FileSaveManagerTest" time="0.0"/>
  <system-out><![CDATA[]]></system-out>
  <system-err><![CDATA[]]></system-err>
</testsuite>
